2020-12-14 19:26:53 DEBUG logging:38 - Logging Provider: org.jboss.logging.Log4jLoggerProvider
2020-12-14 19:26:53 INFO  LogHelper:31 - HHH000204: Processing PersistenceUnitInfo [
	name: hibernate-dynamic
	...]
2020-12-14 19:26:53 INFO  Version:37 - HHH000412: Hibernate Core {5.2.0.Final}
2020-12-14 19:26:53 INFO  Environment:213 - HHH000206: hibernate.properties not found
2020-12-14 19:26:53 INFO  Environment:318 - HHH000021: Bytecode provider name : javassist
2020-12-14 19:26:53 INFO  Version:66 - HCANN000001: Hibernate Commons Annotations {5.0.1.Final}
2020-12-14 19:26:53 WARN  connections:71 - HHH10001002: Using Hibernate built-in connection pool (not for production use!)
2020-12-14 19:26:53 INFO  connections:127 - HHH10001005: using driver [org.hsqldb.jdbcDriver] at URL [jdbc:hsqldb:mem:PUBLIC;sql.syntax_ora=true]
2020-12-14 19:26:53 INFO  connections:136 - HHH10001001: Connection properties: {user=sa}
2020-12-14 19:26:53 INFO  connections:141 - HHH10001003: Autocommit mode: false
2020-12-14 19:26:53 INFO  DriverManagerConnectionProviderImpl:39 - HHH000115: Hibernate connection pool size: 20 (min=1)
2020-12-14 19:26:53 INFO  Dialect:152 - HHH000400: Using dialect: org.hibernate.dialect.HSQLDialect
2020-12-14 19:26:54 INFO  Version:17 - HV000001: Hibernate Validator 5.2.0.Final
2020-12-14 19:26:54 INFO  InformationExtractorJdbcDatabaseMetaDataImpl:393 - HHH000262: Table not found: actors
2020-12-14 19:26:54 INFO  InformationExtractorJdbcDatabaseMetaDataImpl:393 - HHH000262: Table not found: actors
2020-12-14 19:26:54 INFO  InformationExtractorJdbcDatabaseMetaDataImpl:393 - HHH000262: Table not found: ADDRESSES
2020-12-14 19:26:54 INFO  InformationExtractorJdbcDatabaseMetaDataImpl:393 - HHH000262: Table not found: ADDRESSES
2020-12-14 19:26:54 INFO  InformationExtractorJdbcDatabaseMetaDataImpl:393 - HHH000262: Table not found: Directors
2020-12-14 19:26:54 INFO  InformationExtractorJdbcDatabaseMetaDataImpl:393 - HHH000262: Table not found: Directors
2020-12-14 19:26:54 INFO  InformationExtractorJdbcDatabaseMetaDataImpl:393 - HHH000262: Table not found: Genres
2020-12-14 19:26:54 INFO  InformationExtractorJdbcDatabaseMetaDataImpl:393 - HHH000262: Table not found: Genres
2020-12-14 19:26:54 INFO  InformationExtractorJdbcDatabaseMetaDataImpl:393 - HHH000262: Table not found: MovieCast
2020-12-14 19:26:54 INFO  InformationExtractorJdbcDatabaseMetaDataImpl:393 - HHH000262: Table not found: MovieCast
2020-12-14 19:26:54 INFO  InformationExtractorJdbcDatabaseMetaDataImpl:393 - HHH000262: Table not found: Movies
2020-12-14 19:26:54 INFO  InformationExtractorJdbcDatabaseMetaDataImpl:393 - HHH000262: Table not found: Movies
2020-12-14 19:26:54 INFO  QueryTranslatorFactoryInitiator:47 - HHH000397: Using ASTQueryTranslatorFactory
2020-12-14 19:26:54 INFO  connections:235 - HHH10001008: Cleaning up connection pool [jdbc:hsqldb:mem:PUBLIC;sql.syntax_ora=true]
2020-12-14 19:34:37 DEBUG logging:38 - Logging Provider: org.jboss.logging.Log4jLoggerProvider
2020-12-14 19:34:37 INFO  PersistenceXmlParser:80 - HHH000318: Could not find any META-INF/persistence.xml file in the classpath
2020-12-14 19:35:02 DEBUG logging:38 - Logging Provider: org.jboss.logging.Log4jLoggerProvider
2020-12-14 19:35:02 INFO  PersistenceXmlParser:80 - HHH000318: Could not find any META-INF/persistence.xml file in the classpath
2020-12-14 19:35:21 DEBUG logging:38 - Logging Provider: org.jboss.logging.Log4jLoggerProvider
2020-12-14 19:35:21 INFO  LogHelper:31 - HHH000204: Processing PersistenceUnitInfo [
	name: hibernate-dynamic
	...]
2020-12-14 19:35:21 INFO  Version:37 - HHH000412: Hibernate Core {5.2.0.Final}
2020-12-14 19:35:21 INFO  Environment:213 - HHH000206: hibernate.properties not found
2020-12-14 19:35:21 INFO  Environment:318 - HHH000021: Bytecode provider name : javassist
2020-12-14 19:35:21 INFO  Version:66 - HCANN000001: Hibernate Commons Annotations {5.0.1.Final}
2020-12-14 19:35:21 WARN  connections:71 - HHH10001002: Using Hibernate built-in connection pool (not for production use!)
2020-12-14 19:35:21 INFO  connections:127 - HHH10001005: using driver [org.postgresql.Driver] at URL [jdbc:postgresql://localhost:5432/postgres]
2020-12-14 19:35:21 INFO  connections:136 - HHH10001001: Connection properties: {password=****, user=postgres}
2020-12-14 19:35:21 INFO  connections:141 - HHH10001003: Autocommit mode: false
2020-12-14 19:35:21 INFO  DriverManagerConnectionProviderImpl:39 - HHH000115: Hibernate connection pool size: 20 (min=1)
2020-12-14 19:40:06 DEBUG logging:38 - Logging Provider: org.jboss.logging.Log4jLoggerProvider
2020-12-14 19:40:06 INFO  LogHelper:31 - HHH000204: Processing PersistenceUnitInfo [
	name: hibernate-dynamic
	...]
2020-12-14 19:40:06 INFO  Version:37 - HHH000412: Hibernate Core {5.2.0.Final}
2020-12-14 19:40:06 INFO  Environment:213 - HHH000206: hibernate.properties not found
2020-12-14 19:40:06 INFO  Environment:318 - HHH000021: Bytecode provider name : javassist
2020-12-14 19:40:06 INFO  Version:66 - HCANN000001: Hibernate Commons Annotations {5.0.1.Final}
2020-12-14 19:40:06 WARN  connections:71 - HHH10001002: Using Hibernate built-in connection pool (not for production use!)
2020-12-14 19:40:06 INFO  connections:127 - HHH10001005: using driver [org.postgresql.Driver] at URL [jdbc:postgresql://localhost:5432/postgres]
2020-12-14 19:40:06 INFO  connections:136 - HHH10001001: Connection properties: {password=****, user=postgres}
2020-12-14 19:40:06 INFO  connections:141 - HHH10001003: Autocommit mode: false
2020-12-14 19:40:06 INFO  DriverManagerConnectionProviderImpl:39 - HHH000115: Hibernate connection pool size: 20 (min=1)
2020-12-14 20:05:55 DEBUG logging:38 - Logging Provider: org.jboss.logging.Log4jLoggerProvider
2020-12-14 20:05:55 INFO  LogHelper:31 - HHH000204: Processing PersistenceUnitInfo [
	name: hibernate-dynamic
	...]
2020-12-14 20:05:55 INFO  Version:37 - HHH000412: Hibernate Core {5.2.0.Final}
2020-12-14 20:05:55 INFO  Environment:213 - HHH000206: hibernate.properties not found
2020-12-14 20:05:55 INFO  Environment:318 - HHH000021: Bytecode provider name : javassist
2020-12-14 20:05:55 INFO  Version:66 - HCANN000001: Hibernate Commons Annotations {5.0.1.Final}
2020-12-14 20:05:55 WARN  connections:71 - HHH10001002: Using Hibernate built-in connection pool (not for production use!)
2020-12-14 20:05:55 INFO  connections:127 - HHH10001005: using driver [org.postgresql.Driver] at URL [jdbc:postgresql://localhost:5432/postgres]
2020-12-14 20:05:55 INFO  connections:136 - HHH10001001: Connection properties: {password=****, user=postgres}
2020-12-14 20:05:55 INFO  connections:141 - HHH10001003: Autocommit mode: false
2020-12-14 20:05:55 INFO  DriverManagerConnectionProviderImpl:39 - HHH000115: Hibernate connection pool size: 20 (min=1)
2020-12-14 20:06:05 DEBUG logging:38 - Logging Provider: org.jboss.logging.Log4jLoggerProvider
2020-12-14 20:06:05 INFO  LogHelper:31 - HHH000204: Processing PersistenceUnitInfo [
	name: hibernate-dynamic
	...]
2020-12-14 20:06:05 INFO  Version:37 - HHH000412: Hibernate Core {5.2.0.Final}
2020-12-14 20:06:05 INFO  Environment:213 - HHH000206: hibernate.properties not found
2020-12-14 20:06:05 INFO  Environment:318 - HHH000021: Bytecode provider name : javassist
2020-12-14 20:06:05 INFO  Version:66 - HCANN000001: Hibernate Commons Annotations {5.0.1.Final}
2020-12-14 20:06:05 WARN  connections:71 - HHH10001002: Using Hibernate built-in connection pool (not for production use!)
2020-12-14 20:06:05 INFO  connections:127 - HHH10001005: using driver [org.postgresql.Driver] at URL [jdbc:postgresql://localhost:5432/postgres]
2020-12-14 20:06:05 INFO  connections:136 - HHH10001001: Connection properties: {password=****, user=postgres}
2020-12-14 20:06:05 INFO  connections:141 - HHH10001003: Autocommit mode: false
2020-12-14 20:06:05 INFO  DriverManagerConnectionProviderImpl:39 - HHH000115: Hibernate connection pool size: 20 (min=1)
2020-12-14 20:18:56 DEBUG logging:38 - Logging Provider: org.jboss.logging.Log4jLoggerProvider
2020-12-14 20:18:56 INFO  LogHelper:31 - HHH000204: Processing PersistenceUnitInfo [
	name: hibernate-dynamic
	...]
2020-12-14 20:18:56 INFO  Version:37 - HHH000412: Hibernate Core {5.2.0.Final}
2020-12-14 20:18:56 INFO  Environment:213 - HHH000206: hibernate.properties not found
2020-12-14 20:18:56 INFO  Environment:318 - HHH000021: Bytecode provider name : javassist
2020-12-14 20:18:56 INFO  Version:66 - HCANN000001: Hibernate Commons Annotations {5.0.1.Final}
2020-12-14 20:18:56 WARN  connections:71 - HHH10001002: Using Hibernate built-in connection pool (not for production use!)
2020-12-14 20:18:56 INFO  connections:127 - HHH10001005: using driver [org.postgresql.Driver] at URL [jdbc:postgresql://localhost:5432/postgres]
2020-12-14 20:18:56 INFO  connections:136 - HHH10001001: Connection properties: {password=****, user=postgres}
2020-12-14 20:18:56 INFO  connections:141 - HHH10001003: Autocommit mode: false
2020-12-14 20:18:56 INFO  DriverManagerConnectionProviderImpl:39 - HHH000115: Hibernate connection pool size: 20 (min=1)
2020-12-14 20:18:56 INFO  Dialect:152 - HHH000400: Using dialect: org.hibernate.dialect.PostgreSQLDialect
2020-12-14 20:18:56 INFO  LobCreatorBuilderImpl:124 - HHH000424: Disabling contextual LOB creation as createClob() method threw error : java.lang.reflect.InvocationTargetException
2020-12-14 20:18:56 INFO  BasicTypeRegistry:147 - HHH000270: Type registration [java.util.UUID] overrides previous : org.hibernate.type.UUIDBinaryType@22ffa91a
2020-12-14 20:18:57 INFO  Version:17 - HV000001: Hibernate Validator 5.2.0.Final
2020-12-14 20:18:57 WARN  ExceptionHandlerLoggedImpl:27 - GenerationTarget encountered exception accepting command : Unable to execute command [alter table actors drop constraint FKb0trek7l9na2cu9t6vhpd5y7c]
org.hibernate.tool.schema.spi.CommandAcceptanceException: Unable to execute command [alter table actors drop constraint FKb0trek7l9na2cu9t6vhpd5y7c]
	at org.hibernate.tool.schema.internal.exec.GenerationTargetToDatabase.accept(GenerationTargetToDatabase.java:63)
	at org.hibernate.tool.schema.internal.SchemaDropperImpl.applySqlString(SchemaDropperImpl.java:370)
	at org.hibernate.tool.schema.internal.SchemaDropperImpl.applySqlStrings(SchemaDropperImpl.java:355)
	at org.hibernate.tool.schema.internal.SchemaDropperImpl.applyConstraintDropping(SchemaDropperImpl.java:327)
	at org.hibernate.tool.schema.internal.SchemaDropperImpl.dropFromMetadata(SchemaDropperImpl.java:229)
	at org.hibernate.tool.schema.internal.SchemaDropperImpl.performDrop(SchemaDropperImpl.java:153)
	at org.hibernate.tool.schema.internal.SchemaDropperImpl.doDrop(SchemaDropperImpl.java:125)
	at org.hibernate.tool.schema.internal.SchemaDropperImpl.doDrop(SchemaDropperImpl.java:111)
	at org.hibernate.tool.schema.spi.SchemaManagementToolCoordinator.performDatabaseAction(SchemaManagementToolCoordinator.java:137)
	at org.hibernate.tool.schema.spi.SchemaManagementToolCoordinator.process(SchemaManagementToolCoordinator.java:65)
	at org.hibernate.internal.SessionFactoryImpl.<init>(SessionFactoryImpl.java:308)
	at org.hibernate.boot.internal.SessionFactoryBuilderImpl.build(SessionFactoryBuilderImpl.java:476)
	at org.hibernate.jpa.boot.internal.EntityManagerFactoryBuilderImpl.build(EntityManagerFactoryBuilderImpl.java:888)
	at org.hibernate.jpa.HibernatePersistenceProvider.createEntityManagerFactory(HibernatePersistenceProvider.java:58)
	at javax.persistence.Persistence.createEntityManagerFactory(Persistence.java:55)
	at javax.persistence.Persistence.createEntityManagerFactory(Persistence.java:39)
	at hibernate.Normal.main(Normal.java:36)
Caused by: org.postgresql.util.PSQLException: ERROR: relation "actors" does not exist
	at org.postgresql.core.v3.QueryExecutorImpl.receiveErrorResponse(QueryExecutorImpl.java:2553)
	at org.postgresql.core.v3.QueryExecutorImpl.processResults(QueryExecutorImpl.java:2285)
	at org.postgresql.core.v3.QueryExecutorImpl.execute(QueryExecutorImpl.java:323)
	at org.postgresql.jdbc.PgStatement.executeInternal(PgStatement.java:473)
	at org.postgresql.jdbc.PgStatement.execute(PgStatement.java:393)
	at org.postgresql.jdbc.PgStatement.executeWithFlags(PgStatement.java:322)
	at org.postgresql.jdbc.PgStatement.executeCachedSql(PgStatement.java:308)
	at org.postgresql.jdbc.PgStatement.executeWithFlags(PgStatement.java:284)
	at org.postgresql.jdbc.PgStatement.execute(PgStatement.java:279)
	at org.hibernate.tool.schema.internal.exec.GenerationTargetToDatabase.accept(GenerationTargetToDatabase.java:51)
	... 16 more
2020-12-14 20:18:57 WARN  ExceptionHandlerLoggedImpl:27 - GenerationTarget encountered exception accepting command : Unable to execute command [alter table Directors drop constraint FKpo0irg4d23tuaj3f4tgh5g6j4]
org.hibernate.tool.schema.spi.CommandAcceptanceException: Unable to execute command [alter table Directors drop constraint FKpo0irg4d23tuaj3f4tgh5g6j4]
	at org.hibernate.tool.schema.internal.exec.GenerationTargetToDatabase.accept(GenerationTargetToDatabase.java:63)
	at org.hibernate.tool.schema.internal.SchemaDropperImpl.applySqlString(SchemaDropperImpl.java:370)
	at org.hibernate.tool.schema.internal.SchemaDropperImpl.applySqlStrings(SchemaDropperImpl.java:355)
	at org.hibernate.tool.schema.internal.SchemaDropperImpl.applyConstraintDropping(SchemaDropperImpl.java:327)
	at org.hibernate.tool.schema.internal.SchemaDropperImpl.dropFromMetadata(SchemaDropperImpl.java:229)
	at org.hibernate.tool.schema.internal.SchemaDropperImpl.performDrop(SchemaDropperImpl.java:153)
	at org.hibernate.tool.schema.internal.SchemaDropperImpl.doDrop(SchemaDropperImpl.java:125)
	at org.hibernate.tool.schema.internal.SchemaDropperImpl.doDrop(SchemaDropperImpl.java:111)
	at org.hibernate.tool.schema.spi.SchemaManagementToolCoordinator.performDatabaseAction(SchemaManagementToolCoordinator.java:137)
	at org.hibernate.tool.schema.spi.SchemaManagementToolCoordinator.process(SchemaManagementToolCoordinator.java:65)
	at org.hibernate.internal.SessionFactoryImpl.<init>(SessionFactoryImpl.java:308)
	at org.hibernate.boot.internal.SessionFactoryBuilderImpl.build(SessionFactoryBuilderImpl.java:476)
	at org.hibernate.jpa.boot.internal.EntityManagerFactoryBuilderImpl.build(EntityManagerFactoryBuilderImpl.java:888)
	at org.hibernate.jpa.HibernatePersistenceProvider.createEntityManagerFactory(HibernatePersistenceProvider.java:58)
	at javax.persistence.Persistence.createEntityManagerFactory(Persistence.java:55)
	at javax.persistence.Persistence.createEntityManagerFactory(Persistence.java:39)
	at hibernate.Normal.main(Normal.java:36)
Caused by: org.postgresql.util.PSQLException: ERROR: relation "directors" does not exist
	at org.postgresql.core.v3.QueryExecutorImpl.receiveErrorResponse(QueryExecutorImpl.java:2553)
	at org.postgresql.core.v3.QueryExecutorImpl.processResults(QueryExecutorImpl.java:2285)
	at org.postgresql.core.v3.QueryExecutorImpl.execute(QueryExecutorImpl.java:323)
	at org.postgresql.jdbc.PgStatement.executeInternal(PgStatement.java:473)
	at org.postgresql.jdbc.PgStatement.execute(PgStatement.java:393)
	at org.postgresql.jdbc.PgStatement.executeWithFlags(PgStatement.java:322)
	at org.postgresql.jdbc.PgStatement.executeCachedSql(PgStatement.java:308)
	at org.postgresql.jdbc.PgStatement.executeWithFlags(PgStatement.java:284)
	at org.postgresql.jdbc.PgStatement.execute(PgStatement.java:279)
	at org.hibernate.tool.schema.internal.exec.GenerationTargetToDatabase.accept(GenerationTargetToDatabase.java:51)
	... 16 more
2020-12-14 20:18:57 WARN  ExceptionHandlerLoggedImpl:27 - GenerationTarget encountered exception accepting command : Unable to execute command [alter table MovieCast drop constraint FK8vo531c4x7i38axwg8wo2k5f8]
org.hibernate.tool.schema.spi.CommandAcceptanceException: Unable to execute command [alter table MovieCast drop constraint FK8vo531c4x7i38axwg8wo2k5f8]
	at org.hibernate.tool.schema.internal.exec.GenerationTargetToDatabase.accept(GenerationTargetToDatabase.java:63)
	at org.hibernate.tool.schema.internal.SchemaDropperImpl.applySqlString(SchemaDropperImpl.java:370)
	at org.hibernate.tool.schema.internal.SchemaDropperImpl.applySqlStrings(SchemaDropperImpl.java:355)
	at org.hibernate.tool.schema.internal.SchemaDropperImpl.applyConstraintDropping(SchemaDropperImpl.java:327)
	at org.hibernate.tool.schema.internal.SchemaDropperImpl.dropFromMetadata(SchemaDropperImpl.java:229)
	at org.hibernate.tool.schema.internal.SchemaDropperImpl.performDrop(SchemaDropperImpl.java:153)
	at org.hibernate.tool.schema.internal.SchemaDropperImpl.doDrop(SchemaDropperImpl.java:125)
	at org.hibernate.tool.schema.internal.SchemaDropperImpl.doDrop(SchemaDropperImpl.java:111)
	at org.hibernate.tool.schema.spi.SchemaManagementToolCoordinator.performDatabaseAction(SchemaManagementToolCoordinator.java:137)
	at org.hibernate.tool.schema.spi.SchemaManagementToolCoordinator.process(SchemaManagementToolCoordinator.java:65)
	at org.hibernate.internal.SessionFactoryImpl.<init>(SessionFactoryImpl.java:308)
	at org.hibernate.boot.internal.SessionFactoryBuilderImpl.build(SessionFactoryBuilderImpl.java:476)
	at org.hibernate.jpa.boot.internal.EntityManagerFactoryBuilderImpl.build(EntityManagerFactoryBuilderImpl.java:888)
	at org.hibernate.jpa.HibernatePersistenceProvider.createEntityManagerFactory(HibernatePersistenceProvider.java:58)
	at javax.persistence.Persistence.createEntityManagerFactory(Persistence.java:55)
	at javax.persistence.Persistence.createEntityManagerFactory(Persistence.java:39)
	at hibernate.Normal.main(Normal.java:36)
Caused by: org.postgresql.util.PSQLException: ERROR: relation "moviecast" does not exist
	at org.postgresql.core.v3.QueryExecutorImpl.receiveErrorResponse(QueryExecutorImpl.java:2553)
	at org.postgresql.core.v3.QueryExecutorImpl.processResults(QueryExecutorImpl.java:2285)
	at org.postgresql.core.v3.QueryExecutorImpl.execute(QueryExecutorImpl.java:323)
	at org.postgresql.jdbc.PgStatement.executeInternal(PgStatement.java:473)
	at org.postgresql.jdbc.PgStatement.execute(PgStatement.java:393)
	at org.postgresql.jdbc.PgStatement.executeWithFlags(PgStatement.java:322)
	at org.postgresql.jdbc.PgStatement.executeCachedSql(PgStatement.java:308)
	at org.postgresql.jdbc.PgStatement.executeWithFlags(PgStatement.java:284)
	at org.postgresql.jdbc.PgStatement.execute(PgStatement.java:279)
	at org.hibernate.tool.schema.internal.exec.GenerationTargetToDatabase.accept(GenerationTargetToDatabase.java:51)
	... 16 more
2020-12-14 20:18:57 WARN  ExceptionHandlerLoggedImpl:27 - GenerationTarget encountered exception accepting command : Unable to execute command [alter table MovieCast drop constraint FKew2xfxp85vm06c4dqwmqk9rgw]
org.hibernate.tool.schema.spi.CommandAcceptanceException: Unable to execute command [alter table MovieCast drop constraint FKew2xfxp85vm06c4dqwmqk9rgw]
	at org.hibernate.tool.schema.internal.exec.GenerationTargetToDatabase.accept(GenerationTargetToDatabase.java:63)
	at org.hibernate.tool.schema.internal.SchemaDropperImpl.applySqlString(SchemaDropperImpl.java:370)
	at org.hibernate.tool.schema.internal.SchemaDropperImpl.applySqlStrings(SchemaDropperImpl.java:355)
	at org.hibernate.tool.schema.internal.SchemaDropperImpl.applyConstraintDropping(SchemaDropperImpl.java:327)
	at org.hibernate.tool.schema.internal.SchemaDropperImpl.dropFromMetadata(SchemaDropperImpl.java:229)
	at org.hibernate.tool.schema.internal.SchemaDropperImpl.performDrop(SchemaDropperImpl.java:153)
	at org.hibernate.tool.schema.internal.SchemaDropperImpl.doDrop(SchemaDropperImpl.java:125)
	at org.hibernate.tool.schema.internal.SchemaDropperImpl.doDrop(SchemaDropperImpl.java:111)
	at org.hibernate.tool.schema.spi.SchemaManagementToolCoordinator.performDatabaseAction(SchemaManagementToolCoordinator.java:137)
	at org.hibernate.tool.schema.spi.SchemaManagementToolCoordinator.process(SchemaManagementToolCoordinator.java:65)
	at org.hibernate.internal.SessionFactoryImpl.<init>(SessionFactoryImpl.java:308)
	at org.hibernate.boot.internal.SessionFactoryBuilderImpl.build(SessionFactoryBuilderImpl.java:476)
	at org.hibernate.jpa.boot.internal.EntityManagerFactoryBuilderImpl.build(EntityManagerFactoryBuilderImpl.java:888)
	at org.hibernate.jpa.HibernatePersistenceProvider.createEntityManagerFactory(HibernatePersistenceProvider.java:58)
	at javax.persistence.Persistence.createEntityManagerFactory(Persistence.java:55)
	at javax.persistence.Persistence.createEntityManagerFactory(Persistence.java:39)
	at hibernate.Normal.main(Normal.java:36)
Caused by: org.postgresql.util.PSQLException: ERROR: relation "moviecast" does not exist
	at org.postgresql.core.v3.QueryExecutorImpl.receiveErrorResponse(QueryExecutorImpl.java:2553)
	at org.postgresql.core.v3.QueryExecutorImpl.processResults(QueryExecutorImpl.java:2285)
	at org.postgresql.core.v3.QueryExecutorImpl.execute(QueryExecutorImpl.java:323)
	at org.postgresql.jdbc.PgStatement.executeInternal(PgStatement.java:473)
	at org.postgresql.jdbc.PgStatement.execute(PgStatement.java:393)
	at org.postgresql.jdbc.PgStatement.executeWithFlags(PgStatement.java:322)
	at org.postgresql.jdbc.PgStatement.executeCachedSql(PgStatement.java:308)
	at org.postgresql.jdbc.PgStatement.executeWithFlags(PgStatement.java:284)
	at org.postgresql.jdbc.PgStatement.execute(PgStatement.java:279)
	at org.hibernate.tool.schema.internal.exec.GenerationTargetToDatabase.accept(GenerationTargetToDatabase.java:51)
	... 16 more
2020-12-14 20:18:57 WARN  ExceptionHandlerLoggedImpl:27 - GenerationTarget encountered exception accepting command : Unable to execute command [alter table Movies drop constraint FK728twv8udcddg00wp3gwj83tw]
org.hibernate.tool.schema.spi.CommandAcceptanceException: Unable to execute command [alter table Movies drop constraint FK728twv8udcddg00wp3gwj83tw]
	at org.hibernate.tool.schema.internal.exec.GenerationTargetToDatabase.accept(GenerationTargetToDatabase.java:63)
	at org.hibernate.tool.schema.internal.SchemaDropperImpl.applySqlString(SchemaDropperImpl.java:370)
	at org.hibernate.tool.schema.internal.SchemaDropperImpl.applySqlStrings(SchemaDropperImpl.java:355)
	at org.hibernate.tool.schema.internal.SchemaDropperImpl.applyConstraintDropping(SchemaDropperImpl.java:327)
	at org.hibernate.tool.schema.internal.SchemaDropperImpl.dropFromMetadata(SchemaDropperImpl.java:229)
	at org.hibernate.tool.schema.internal.SchemaDropperImpl.performDrop(SchemaDropperImpl.java:153)
	at org.hibernate.tool.schema.internal.SchemaDropperImpl.doDrop(SchemaDropperImpl.java:125)
	at org.hibernate.tool.schema.internal.SchemaDropperImpl.doDrop(SchemaDropperImpl.java:111)
	at org.hibernate.tool.schema.spi.SchemaManagementToolCoordinator.performDatabaseAction(SchemaManagementToolCoordinator.java:137)
	at org.hibernate.tool.schema.spi.SchemaManagementToolCoordinator.process(SchemaManagementToolCoordinator.java:65)
	at org.hibernate.internal.SessionFactoryImpl.<init>(SessionFactoryImpl.java:308)
	at org.hibernate.boot.internal.SessionFactoryBuilderImpl.build(SessionFactoryBuilderImpl.java:476)
	at org.hibernate.jpa.boot.internal.EntityManagerFactoryBuilderImpl.build(EntityManagerFactoryBuilderImpl.java:888)
	at org.hibernate.jpa.HibernatePersistenceProvider.createEntityManagerFactory(HibernatePersistenceProvider.java:58)
	at javax.persistence.Persistence.createEntityManagerFactory(Persistence.java:55)
	at javax.persistence.Persistence.createEntityManagerFactory(Persistence.java:39)
	at hibernate.Normal.main(Normal.java:36)
Caused by: org.postgresql.util.PSQLException: ERROR: relation "movies" does not exist
	at org.postgresql.core.v3.QueryExecutorImpl.receiveErrorResponse(QueryExecutorImpl.java:2553)
	at org.postgresql.core.v3.QueryExecutorImpl.processResults(QueryExecutorImpl.java:2285)
	at org.postgresql.core.v3.QueryExecutorImpl.execute(QueryExecutorImpl.java:323)
	at org.postgresql.jdbc.PgStatement.executeInternal(PgStatement.java:473)
	at org.postgresql.jdbc.PgStatement.execute(PgStatement.java:393)
	at org.postgresql.jdbc.PgStatement.executeWithFlags(PgStatement.java:322)
	at org.postgresql.jdbc.PgStatement.executeCachedSql(PgStatement.java:308)
	at org.postgresql.jdbc.PgStatement.executeWithFlags(PgStatement.java:284)
	at org.postgresql.jdbc.PgStatement.execute(PgStatement.java:279)
	at org.hibernate.tool.schema.internal.exec.GenerationTargetToDatabase.accept(GenerationTargetToDatabase.java:51)
	... 16 more
2020-12-14 20:18:57 WARN  SqlExceptionHelper:217 - SQL Warning Code: 0, SQLState: 00000
2020-12-14 20:18:57 WARN  SqlExceptionHelper:218 - table "actors" does not exist, skipping
2020-12-14 20:18:57 WARN  SqlExceptionHelper:217 - SQL Warning Code: 0, SQLState: 00000
2020-12-14 20:18:57 WARN  SqlExceptionHelper:218 - table "addresses" does not exist, skipping
2020-12-14 20:18:57 WARN  SqlExceptionHelper:217 - SQL Warning Code: 0, SQLState: 00000
2020-12-14 20:18:57 WARN  SqlExceptionHelper:218 - table "directors" does not exist, skipping
2020-12-14 20:18:57 WARN  SqlExceptionHelper:217 - SQL Warning Code: 0, SQLState: 00000
2020-12-14 20:18:57 WARN  SqlExceptionHelper:218 - table "genres" does not exist, skipping
2020-12-14 20:18:57 WARN  SqlExceptionHelper:217 - SQL Warning Code: 0, SQLState: 00000
2020-12-14 20:18:57 WARN  SqlExceptionHelper:218 - table "moviecast" does not exist, skipping
2020-12-14 20:18:57 WARN  SqlExceptionHelper:217 - SQL Warning Code: 0, SQLState: 00000
2020-12-14 20:18:57 WARN  SqlExceptionHelper:218 - table "movies" does not exist, skipping
2020-12-14 20:18:57 WARN  ExceptionHandlerLoggedImpl:27 - GenerationTarget encountered exception accepting command : Unable to execute command [drop sequence author_seq]
org.hibernate.tool.schema.spi.CommandAcceptanceException: Unable to execute command [drop sequence author_seq]
	at org.hibernate.tool.schema.internal.exec.GenerationTargetToDatabase.accept(GenerationTargetToDatabase.java:63)
	at org.hibernate.tool.schema.internal.SchemaDropperImpl.applySqlString(SchemaDropperImpl.java:370)
	at org.hibernate.tool.schema.internal.SchemaDropperImpl.applySqlStrings(SchemaDropperImpl.java:355)
	at org.hibernate.tool.schema.internal.SchemaDropperImpl.dropFromMetadata(SchemaDropperImpl.java:245)
	at org.hibernate.tool.schema.internal.SchemaDropperImpl.performDrop(SchemaDropperImpl.java:153)
	at org.hibernate.tool.schema.internal.SchemaDropperImpl.doDrop(SchemaDropperImpl.java:125)
	at org.hibernate.tool.schema.internal.SchemaDropperImpl.doDrop(SchemaDropperImpl.java:111)
	at org.hibernate.tool.schema.spi.SchemaManagementToolCoordinator.performDatabaseAction(SchemaManagementToolCoordinator.java:137)
	at org.hibernate.tool.schema.spi.SchemaManagementToolCoordinator.process(SchemaManagementToolCoordinator.java:65)
	at org.hibernate.internal.SessionFactoryImpl.<init>(SessionFactoryImpl.java:308)
	at org.hibernate.boot.internal.SessionFactoryBuilderImpl.build(SessionFactoryBuilderImpl.java:476)
	at org.hibernate.jpa.boot.internal.EntityManagerFactoryBuilderImpl.build(EntityManagerFactoryBuilderImpl.java:888)
	at org.hibernate.jpa.HibernatePersistenceProvider.createEntityManagerFactory(HibernatePersistenceProvider.java:58)
	at javax.persistence.Persistence.createEntityManagerFactory(Persistence.java:55)
	at javax.persistence.Persistence.createEntityManagerFactory(Persistence.java:39)
	at hibernate.Normal.main(Normal.java:36)
Caused by: org.postgresql.util.PSQLException: ERROR: sequence "author_seq" does not exist
	at org.postgresql.core.v3.QueryExecutorImpl.receiveErrorResponse(QueryExecutorImpl.java:2553)
	at org.postgresql.core.v3.QueryExecutorImpl.processResults(QueryExecutorImpl.java:2285)
	at org.postgresql.core.v3.QueryExecutorImpl.execute(QueryExecutorImpl.java:323)
	at org.postgresql.jdbc.PgStatement.executeInternal(PgStatement.java:473)
	at org.postgresql.jdbc.PgStatement.execute(PgStatement.java:393)
	at org.postgresql.jdbc.PgStatement.executeWithFlags(PgStatement.java:322)
	at org.postgresql.jdbc.PgStatement.executeCachedSql(PgStatement.java:308)
	at org.postgresql.jdbc.PgStatement.executeWithFlags(PgStatement.java:284)
	at org.postgresql.jdbc.PgStatement.execute(PgStatement.java:279)
	at org.hibernate.tool.schema.internal.exec.GenerationTargetToDatabase.accept(GenerationTargetToDatabase.java:51)
	... 15 more
2020-12-14 20:18:57 INFO  SchemaCreatorImpl:481 - HHH000476: Executing import script 'org.hibernate.tool.schema.internal.exec.ScriptSourceInputNonExistentImpl@67440de6'
2020-12-14 20:18:57 INFO  QueryTranslatorFactoryInitiator:47 - HHH000397: Using ASTQueryTranslatorFactory
2020-12-14 20:18:57 INFO  connections:235 - HHH10001008: Cleaning up connection pool [jdbc:postgresql://localhost:5432/postgres]
